Determining if the include file altivec.h exists failed with the following output:
Change Dir: /home/sanchezh/Tools/3D_INVKIN/fftw-3.3.10/CMakeFiles/CMakeTmp

Run Build Command(s):/usr/bin/make cmTC_750b8/fast && /usr/bin/make -f CMakeFiles/cmTC_750b8.dir/build.make CMakeFiles/cmTC_750b8.dir/build
make[1]: Entering directory '/home/sanchezh/Tools/3D_INVKIN/fftw-3.3.10/CMakeFiles/CMakeTmp'
Building C object CMakeFiles/cmTC_750b8.dir/CheckIncludeFile.c.o
/usr/bin/cc    -o CMakeFiles/cmTC_750b8.dir/CheckIncludeFile.c.o   -c /home/sanchezh/Tools/3D_INVKIN/fftw-3.3.10/CMakeFiles/CMakeTmp/CheckIncludeFile.c
/home/sanchezh/Tools/3D_INVKIN/fftw-3.3.10/CMakeFiles/CMakeTmp/CheckIncludeFile.c:1:10: fatal error: altivec.h: No such file or directory
    1 | #include <altivec.h>
      |          ^~~~~~~~~~~
compilation terminated.
make[1]: *** [CMakeFiles/cmTC_750b8.dir/build.make:66: CMakeFiles/cmTC_750b8.dir/CheckIncludeFile.c.o] Error 1
make[1]: Leaving directory '/home/sanchezh/Tools/3D_INVKIN/fftw-3.3.10/CMakeFiles/CMakeTmp'
make: *** [Makefile:121: cmTC_750b8/fast] Error 2



Determining if the include file c_asm.h exists failed with the following output:
Change Dir: /home/sanchezh/Tools/3D_INVKIN/fftw-3.3.10/CMakeFiles/CMakeTmp

Run Build Command(s):/usr/bin/make cmTC_cd5d4/fast && /usr/bin/make -f CMakeFiles/cmTC_cd5d4.dir/build.make CMakeFiles/cmTC_cd5d4.dir/build
make[1]: Entering directory '/home/sanchezh/Tools/3D_INVKIN/fftw-3.3.10/CMakeFiles/CMakeTmp'
Building C object CMakeFiles/cmTC_cd5d4.dir/CheckIncludeFile.c.o
/usr/bin/cc    -o CMakeFiles/cmTC_cd5d4.dir/CheckIncludeFile.c.o   -c /home/sanchezh/Tools/3D_INVKIN/fftw-3.3.10/CMakeFiles/CMakeTmp/CheckIncludeFile.c
/home/sanchezh/Tools/3D_INVKIN/fftw-3.3.10/CMakeFiles/CMakeTmp/CheckIncludeFile.c:1:10: fatal error: c_asm.h: No such file or directory
    1 | #include <c_asm.h>
      |          ^~~~~~~~~
compilation terminated.
make[1]: *** [CMakeFiles/cmTC_cd5d4.dir/build.make:66: CMakeFiles/cmTC_cd5d4.dir/CheckIncludeFile.c.o] Error 1
make[1]: Leaving directory '/home/sanchezh/Tools/3D_INVKIN/fftw-3.3.10/CMakeFiles/CMakeTmp'
make: *** [Makefile:121: cmTC_cd5d4/fast] Error 2



Determining if the include file intrinsics.h exists failed with the following output:
Change Dir: /home/sanchezh/Tools/3D_INVKIN/fftw-3.3.10/CMakeFiles/CMakeTmp

Run Build Command(s):/usr/bin/make cmTC_bf6e8/fast && /usr/bin/make -f CMakeFiles/cmTC_bf6e8.dir/build.make CMakeFiles/cmTC_bf6e8.dir/build
make[1]: Entering directory '/home/sanchezh/Tools/3D_INVKIN/fftw-3.3.10/CMakeFiles/CMakeTmp'
Building C object CMakeFiles/cmTC_bf6e8.dir/CheckIncludeFile.c.o
/usr/bin/cc    -o CMakeFiles/cmTC_bf6e8.dir/CheckIncludeFile.c.o   -c /home/sanchezh/Tools/3D_INVKIN/fftw-3.3.10/CMakeFiles/CMakeTmp/CheckIncludeFile.c
/home/sanchezh/Tools/3D_INVKIN/fftw-3.3.10/CMakeFiles/CMakeTmp/CheckIncludeFile.c:1:10: fatal error: intrinsics.h: No such file or directory
    1 | #include <intrinsics.h>
      |          ^~~~~~~~~~~~~~
compilation terminated.
make[1]: *** [CMakeFiles/cmTC_bf6e8.dir/build.make:66: CMakeFiles/cmTC_bf6e8.dir/CheckIncludeFile.c.o] Error 1
make[1]: Leaving directory '/home/sanchezh/Tools/3D_INVKIN/fftw-3.3.10/CMakeFiles/CMakeTmp'
make: *** [Makefile:121: cmTC_bf6e8/fast] Error 2



Determining if the include file mach/mach_time.h exists failed with the following output:
Change Dir: /home/sanchezh/Tools/3D_INVKIN/fftw-3.3.10/CMakeFiles/CMakeTmp

Run Build Command(s):/usr/bin/make cmTC_9c935/fast && /usr/bin/make -f CMakeFiles/cmTC_9c935.dir/build.make CMakeFiles/cmTC_9c935.dir/build
make[1]: Entering directory '/home/sanchezh/Tools/3D_INVKIN/fftw-3.3.10/CMakeFiles/CMakeTmp'
Building C object CMakeFiles/cmTC_9c935.dir/CheckIncludeFile.c.o
/usr/bin/cc    -o CMakeFiles/cmTC_9c935.dir/CheckIncludeFile.c.o   -c /home/sanchezh/Tools/3D_INVKIN/fftw-3.3.10/CMakeFiles/CMakeTmp/CheckIncludeFile.c
/home/sanchezh/Tools/3D_INVKIN/fftw-3.3.10/CMakeFiles/CMakeTmp/CheckIncludeFile.c:1:10: fatal error: mach/mach_time.h: No such file or directory
    1 | #include <mach/mach_time.h>
      |          ^~~~~~~~~~~~~~~~~~
compilation terminated.
make[1]: *** [CMakeFiles/cmTC_9c935.dir/build.make:66: CMakeFiles/cmTC_9c935.dir/CheckIncludeFile.c.o] Error 1
make[1]: Leaving directory '/home/sanchezh/Tools/3D_INVKIN/fftw-3.3.10/CMakeFiles/CMakeTmp'
make: *** [Makefile:121: cmTC_9c935/fast] Error 2



Determining if the include file uintptr.h exists failed with the following output:
Change Dir: /home/sanchezh/Tools/3D_INVKIN/fftw-3.3.10/CMakeFiles/CMakeTmp

Run Build Command(s):/usr/bin/make cmTC_7f1c3/fast && /usr/bin/make -f CMakeFiles/cmTC_7f1c3.dir/build.make CMakeFiles/cmTC_7f1c3.dir/build
make[1]: Entering directory '/home/sanchezh/Tools/3D_INVKIN/fftw-3.3.10/CMakeFiles/CMakeTmp'
Building C object CMakeFiles/cmTC_7f1c3.dir/CheckIncludeFile.c.o
/usr/bin/cc    -o CMakeFiles/cmTC_7f1c3.dir/CheckIncludeFile.c.o   -c /home/sanchezh/Tools/3D_INVKIN/fftw-3.3.10/CMakeFiles/CMakeTmp/CheckIncludeFile.c
/home/sanchezh/Tools/3D_INVKIN/fftw-3.3.10/CMakeFiles/CMakeTmp/CheckIncludeFile.c:1:10: fatal error: uintptr.h: No such file or directory
    1 | #include <uintptr.h>
      |          ^~~~~~~~~~~
compilation terminated.
make[1]: *** [CMakeFiles/cmTC_7f1c3.dir/build.make:66: CMakeFiles/cmTC_7f1c3.dir/CheckIncludeFile.c.o] Error 1
make[1]: Leaving directory '/home/sanchezh/Tools/3D_INVKIN/fftw-3.3.10/CMakeFiles/CMakeTmp'
make: *** [Makefile:121: cmTC_7f1c3/fast] Error 2



Determining if the mach_absolute_time exist failed with the following output:
Change Dir: /home/sanchezh/Tools/3D_INVKIN/fftw-3.3.10/CMakeFiles/CMakeTmp

Run Build Command(s):/usr/bin/make cmTC_fa94b/fast && /usr/bin/make -f CMakeFiles/cmTC_fa94b.dir/build.make CMakeFiles/cmTC_fa94b.dir/build
make[1]: Entering directory '/home/sanchezh/Tools/3D_INVKIN/fftw-3.3.10/CMakeFiles/CMakeTmp'
Building C object CMakeFiles/cmTC_fa94b.dir/CheckSymbolExists.c.o
/usr/bin/cc    -o CMakeFiles/cmTC_fa94b.dir/CheckSymbolExists.c.o   -c /home/sanchezh/Tools/3D_INVKIN/fftw-3.3.10/CMakeFiles/CMakeTmp/CheckSymbolExists.c
/home/sanchezh/Tools/3D_INVKIN/fftw-3.3.10/CMakeFiles/CMakeTmp/CheckSymbolExists.c:2:10: fatal error: mach/mach_time.h: No such file or directory
    2 | #include <mach/mach_time.h>
      |          ^~~~~~~~~~~~~~~~~~
compilation terminated.
make[1]: *** [CMakeFiles/cmTC_fa94b.dir/build.make:66: CMakeFiles/cmTC_fa94b.dir/CheckSymbolExists.c.o] Error 1
make[1]: Leaving directory '/home/sanchezh/Tools/3D_INVKIN/fftw-3.3.10/CMakeFiles/CMakeTmp'
make: *** [Makefile:121: cmTC_fa94b/fast] Error 2


File /home/sanchezh/Tools/3D_INVKIN/fftw-3.3.10/CMakeFiles/CMakeTmp/CheckSymbolExists.c:
/* */
#include <mach/mach_time.h>

int main(int argc, char** argv)
{
  (void)argv;
#ifndef mach_absolute_time
  return ((int*)(&mach_absolute_time))[argc];
#else
  (void)argc;
  return 0;
#endif
}
Determining if the sysctl exist failed with the following output:
Change Dir: /home/sanchezh/Tools/3D_INVKIN/fftw-3.3.10/CMakeFiles/CMakeTmp

Run Build Command(s):/usr/bin/make cmTC_7c291/fast && /usr/bin/make -f CMakeFiles/cmTC_7c291.dir/build.make CMakeFiles/cmTC_7c291.dir/build
make[1]: Entering directory '/home/sanchezh/Tools/3D_INVKIN/fftw-3.3.10/CMakeFiles/CMakeTmp'
Building C object CMakeFiles/cmTC_7c291.dir/CheckSymbolExists.c.o
/usr/bin/cc    -o CMakeFiles/cmTC_7c291.dir/CheckSymbolExists.c.o   -c /home/sanchezh/Tools/3D_INVKIN/fftw-3.3.10/CMakeFiles/CMakeTmp/CheckSymbolExists.c
/home/sanchezh/Tools/3D_INVKIN/fftw-3.3.10/CMakeFiles/CMakeTmp/CheckSymbolExists.c: In function ‘main’:
/home/sanchezh/Tools/3D_INVKIN/fftw-3.3.10/CMakeFiles/CMakeTmp/CheckSymbolExists.c:8:19: error: ‘sysctl’ undeclared (first use in this function); did you mean ‘syscall’?
    8 |   return ((int*)(&sysctl))[argc];
      |                   ^~~~~~
      |                   syscall
/home/sanchezh/Tools/3D_INVKIN/fftw-3.3.10/CMakeFiles/CMakeTmp/CheckSymbolExists.c:8:19: note: each undeclared identifier is reported only once for each function it appears in
make[1]: *** [CMakeFiles/cmTC_7c291.dir/build.make:66: CMakeFiles/cmTC_7c291.dir/CheckSymbolExists.c.o] Error 1
make[1]: Leaving directory '/home/sanchezh/Tools/3D_INVKIN/fftw-3.3.10/CMakeFiles/CMakeTmp'
make: *** [Makefile:121: cmTC_7c291/fast] Error 2


File /home/sanchezh/Tools/3D_INVKIN/fftw-3.3.10/CMakeFiles/CMakeTmp/CheckSymbolExists.c:
/* */
#include <unistd.h>

int main(int argc, char** argv)
{
  (void)argv;
#ifndef sysctl
  return ((int*)(&sysctl))[argc];
#else
  (void)argc;
  return 0;
#endif
}
