 
T001
 Ref. lat, long. =    32.75450  130.76300
 Distance north, east (km) =   -30.30781  -10.72314
 Using Richter tables: vlat, vlong =    32.48120  130.64857
 Using sphere approx : vlat, vlong =    32.48194  130.64851
 
T002
 Ref. lat, long. =    32.75450  130.76300
 Distance north, east (km) =   -28.49519   -9.87790
 Using Richter tables: vlat, vlong =    32.49755  130.65759
 Using sphere approx : vlat, vlong =    32.49824  130.65752
 
T003
 Ref. lat, long. =    32.75450  130.76300
 Distance north, east (km) =   -26.68258   -9.03267
 Using Richter tables: vlat, vlong =    32.51390  130.66661
 Using sphere approx : vlat, vlong =    32.51454  130.66653
 
T004
 Ref. lat, long. =    32.75450  130.76300
 Distance north, east (km) =   -24.86996   -8.18743
 Using Richter tables: vlat, vlong =    32.53024  130.67563
 Using sphere approx : vlat, vlong =    32.53084  130.67555
 
T005
 Ref. lat, long. =    32.75450  130.76300
 Distance north, east (km) =   -23.05735   -7.34219
 Using Richter tables: vlat, vlong =    32.54659  130.68465
 Using sphere approx : vlat, vlong =    32.54714  130.68457
 
T006
 Ref. lat, long. =    32.75450  130.76300
 Distance north, east (km) =   -21.24473   -6.49696
 Using Richter tables: vlat, vlong =    32.56293  130.69368
 Using sphere approx : vlat, vlong =    32.56344  130.69360
 
T007
 Ref. lat, long. =    32.75450  130.76300
 Distance north, east (km) =   -19.43212   -5.65172
 Using Richter tables: vlat, vlong =    32.57928  130.70270
 Using sphere approx : vlat, vlong =    32.57974  130.70262
 
T008
 Ref. lat, long. =    32.75450  130.76300
 Distance north, east (km) =   -17.61950   -4.80649
 Using Richter tables: vlat, vlong =    32.59562  130.71172
 Using sphere approx : vlat, vlong =    32.59605  130.71165
 
T009
 Ref. lat, long. =    32.75450  130.76300
 Distance north, east (km) =   -15.80689   -3.96125
 Using Richter tables: vlat, vlong =    32.61197  130.72073
 Using sphere approx : vlat, vlong =    32.61235  130.72067
 
T010
 Ref. lat, long. =    32.75450  130.76300
 Distance north, east (km) =   -13.99427   -3.11601
 Using Richter tables: vlat, vlong =    32.62831  130.72975
 Using sphere approx : vlat, vlong =    32.62865  130.72971
 
T011
 Ref. lat, long. =    32.75450  130.76300
 Distance north, east (km) =   -12.18165   -2.27078
 Using Richter tables: vlat, vlong =    32.64466  130.73877
 Using sphere approx : vlat, vlong =    32.64495  130.73874
 
T012
 Ref. lat, long. =    32.75450  130.76300
 Distance north, east (km) =   -10.36904   -1.42554
 Using Richter tables: vlat, vlong =    32.66100  130.74779
 Using sphere approx : vlat, vlong =    32.66125  130.74776
 
T013
 Ref. lat, long. =    32.75450  130.76300
 Distance north, east (km) =    -8.55642   -0.58030
 Using Richter tables: vlat, vlong =    32.67735  130.75681
 Using sphere approx : vlat, vlong =    32.67755  130.75679
 
T014
 Ref. lat, long. =    32.75450  130.76300
 Distance north, east (km) =    -6.74381    0.26493
 Using Richter tables: vlat, vlong =    32.69369  130.76582
 Using sphere approx : vlat, vlong =    32.69385  130.76584
 
T015
 Ref. lat, long. =    32.75450  130.76300
 Distance north, east (km) =    -4.93119    1.11017
 Using Richter tables: vlat, vlong =    32.71003  130.77484
 Using sphere approx : vlat, vlong =    32.71016  130.77487
 
T016
 Ref. lat, long. =    32.75450  130.76300
 Distance north, east (km) =    -3.11858    1.95541
 Using Richter tables: vlat, vlong =    32.72638  130.78386
 Using sphere approx : vlat, vlong =    32.72646  130.78391
 
T017
 Ref. lat, long. =    32.75450  130.76300
 Distance north, east (km) =    -1.30596    2.80065
 Using Richter tables: vlat, vlong =    32.74273  130.79289
 Using sphere approx : vlat, vlong =    32.74276  130.79295
 
T018
 Ref. lat, long. =    32.75450  130.76300
 Distance north, east (km) =     0.50665    3.64588
 Using Richter tables: vlat, vlong =    32.75907  130.80191
 Using sphere approx : vlat, vlong =    32.75906  130.80199
 
T019
 Ref. lat, long. =    32.75450  130.76300
 Distance north, east (km) =     2.31927    4.49112
 Using Richter tables: vlat, vlong =    32.77541  130.81093
 Using sphere approx : vlat, vlong =    32.77536  130.81104
 
T020
 Ref. lat, long. =    32.75450  130.76300
 Distance north, east (km) =     4.13188    5.33636
 Using Richter tables: vlat, vlong =    32.79176  130.81995
 Using sphere approx : vlat, vlong =    32.79166  130.82008
 
T021
 Ref. lat, long. =    32.75450  130.76300
 Distance north, east (km) =     5.94450    6.18159
 Using Richter tables: vlat, vlong =    32.80811  130.82896
 Using sphere approx : vlat, vlong =    32.80796  130.82912
 
T022
 Ref. lat, long. =    32.75450  130.76300
 Distance north, east (km) =   -30.04662  -11.28327
 Using Richter tables: vlat, vlong =    32.48356  130.64259
 Using sphere approx : vlat, vlong =    32.48429  130.64253
 
T023
 Ref. lat, long. =    32.75450  130.76300
 Distance north, east (km) =   -28.23400  -10.43803
 Using Richter tables: vlat, vlong =    32.49991  130.65163
 Using sphere approx : vlat, vlong =    32.50059  130.65154
 
T024
 Ref. lat, long. =    32.75450  130.76300
 Distance north, east (km) =   -26.42139   -9.59280
 Using Richter tables: vlat, vlong =    32.51625  130.66064
 Using sphere approx : vlat, vlong =    32.51689  130.66055
 
T025
 Ref. lat, long. =    32.75450  130.76300
 Distance north, east (km) =   -24.60877   -8.74756
 Using Richter tables: vlat, vlong =    32.53260  130.66966
 Using sphere approx : vlat, vlong =    32.53319  130.66957
 
T026
 Ref. lat, long. =    32.75450  130.76300
 Distance north, east (km) =   -22.79615   -7.90232
 Using Richter tables: vlat, vlong =    32.54894  130.67868
 Using sphere approx : vlat, vlong =    32.54949  130.67859
 
T027
 Ref. lat, long. =    32.75450  130.76300
 Distance north, east (km) =   -20.98354   -7.05709
 Using Richter tables: vlat, vlong =    32.56528  130.68770
 Using sphere approx : vlat, vlong =    32.56579  130.68762
 
T028
 Ref. lat, long. =    32.75450  130.76300
 Distance north, east (km) =   -19.17092   -6.21185
 Using Richter tables: vlat, vlong =    32.58163  130.69672
 Using sphere approx : vlat, vlong =    32.58209  130.69664
 
T029
 Ref. lat, long. =    32.75450  130.76300
 Distance north, east (km) =   -17.35831   -5.36661
 Using Richter tables: vlat, vlong =    32.59798  130.70573
 Using sphere approx : vlat, vlong =    32.59839  130.70566
 
T030
 Ref. lat, long. =    32.75450  130.76300
 Distance north, east (km) =   -15.54569   -4.52138
 Using Richter tables: vlat, vlong =    32.61432  130.71475
 Using sphere approx : vlat, vlong =    32.61470  130.71469
 
T031
 Ref. lat, long. =    32.75450  130.76300
 Distance north, east (km) =   -13.73308   -3.67614
 Using Richter tables: vlat, vlong =    32.63066  130.72377
 Using sphere approx : vlat, vlong =    32.63100  130.72372
 
T032
 Ref. lat, long. =    32.75450  130.76300
 Distance north, east (km) =   -11.92046   -2.83090
 Using Richter tables: vlat, vlong =    32.64701  130.73279
 Using sphere approx : vlat, vlong =    32.64730  130.73274
 
T033
 Ref. lat, long. =    32.75450  130.76300
 Distance north, east (km) =   -10.10785   -1.98567
 Using Richter tables: vlat, vlong =    32.66336  130.74181
 Using sphere approx : vlat, vlong =    32.66360  130.74178
 
T034
 Ref. lat, long. =    32.75450  130.76300
 Distance north, east (km) =    -8.29523   -1.14043
 Using Richter tables: vlat, vlong =    32.67970  130.75082
 Using sphere approx : vlat, vlong =    32.67990  130.75081
 
T035
 Ref. lat, long. =    32.75450  130.76300
 Distance north, east (km) =    -6.48262   -0.29519
 Using Richter tables: vlat, vlong =    32.69604  130.75986
 Using sphere approx : vlat, vlong =    32.69620  130.75984
 
T036
 Ref. lat, long. =    32.75450  130.76300
 Distance north, east (km) =    -4.67000    0.55004
 Using Richter tables: vlat, vlong =    32.71239  130.76888
 Using sphere approx : vlat, vlong =    32.71250  130.76888
 
T037
 Ref. lat, long. =    32.75450  130.76300
 Distance north, east (km) =    -2.85738    1.39528
 Using Richter tables: vlat, vlong =    32.72874  130.77789
 Using sphere approx : vlat, vlong =    32.72881  130.77792
 
T038
 Ref. lat, long. =    32.75450  130.76300
 Distance north, east (km) =    -1.04477    2.24052
 Using Richter tables: vlat, vlong =    32.74508  130.78691
 Using sphere approx : vlat, vlong =    32.74511  130.78696
 
T039
 Ref. lat, long. =    32.75450  130.76300
 Distance north, east (km) =     0.76785    3.08575
 Using Richter tables: vlat, vlong =    32.76143  130.79593
 Using sphere approx : vlat, vlong =    32.76141  130.79601
 
T040
 Ref. lat, long. =    32.75450  130.76300
 Distance north, east (km) =     2.58046    3.93099
 Using Richter tables: vlat, vlong =    32.77777  130.80495
 Using sphere approx : vlat, vlong =    32.77771  130.80504
 
T041
 Ref. lat, long. =    32.75450  130.76300
 Distance north, east (km) =     4.39308    4.77623
 Using Richter tables: vlat, vlong =    32.79411  130.81396
 Using sphere approx : vlat, vlong =    32.79401  130.81409
 
T042
 Ref. lat, long. =    32.75450  130.76300
 Distance north, east (km) =     6.20569    5.62146
 Using Richter tables: vlat, vlong =    32.81046  130.82298
 Using sphere approx : vlat, vlong =    32.81031  130.82314
 
T043
 Ref. lat, long. =    32.75450  130.76300
 Distance north, east (km) =   -29.78543  -11.84340
 Using Richter tables: vlat, vlong =    32.48592  130.63663
 Using sphere approx : vlat, vlong =    32.48663  130.63654
 
T044
 Ref. lat, long. =    32.75450  130.76300
 Distance north, east (km) =   -27.97281  -10.99816
 Using Richter tables: vlat, vlong =    32.50226  130.64565
 Using sphere approx : vlat, vlong =    32.50294  130.64555
 
T045
 Ref. lat, long. =    32.75450  130.76300
 Distance north, east (km) =   -26.16019  -10.15293
 Using Richter tables: vlat, vlong =    32.51861  130.65466
 Using sphere approx : vlat, vlong =    32.51924  130.65457
 
T046
 Ref. lat, long. =    32.75450  130.76300
 Distance north, east (km) =   -24.34758   -9.30769
 Using Richter tables: vlat, vlong =    32.53495  130.66368
 Using sphere approx : vlat, vlong =    32.53554  130.66359
 
T047
 Ref. lat, long. =    32.75450  130.76300
 Distance north, east (km) =   -22.53496   -8.46245
 Using Richter tables: vlat, vlong =    32.55130  130.67270
 Using sphere approx : vlat, vlong =    32.55184  130.67261
 
T048
 Ref. lat, long. =    32.75450  130.76300
 Distance north, east (km) =   -20.72235   -7.61722
 Using Richter tables: vlat, vlong =    32.56764  130.68172
 Using sphere approx : vlat, vlong =    32.56814  130.68163
 
T049
 Ref. lat, long. =    32.75450  130.76300
 Distance north, east (km) =   -18.90973   -6.77198
 Using Richter tables: vlat, vlong =    32.58399  130.69073
 Using sphere approx : vlat, vlong =    32.58444  130.69066
 
T050
 Ref. lat, long. =    32.75450  130.76300
 Distance north, east (km) =   -17.09712   -5.92674
 Using Richter tables: vlat, vlong =    32.60033  130.69975
 Using sphere approx : vlat, vlong =    32.60074  130.69968
 
T051
 Ref. lat, long. =    32.75450  130.76300
 Distance north, east (km) =   -15.28450   -5.08151
 Using Richter tables: vlat, vlong =    32.61668  130.70877
 Using sphere approx : vlat, vlong =    32.61705  130.70871
 
T052
 Ref. lat, long. =    32.75450  130.76300
 Distance north, east (km) =   -13.47189   -4.23627
 Using Richter tables: vlat, vlong =    32.63302  130.71780
 Using sphere approx : vlat, vlong =    32.63335  130.71773
 
T053
 Ref. lat, long. =    32.75450  130.76300
 Distance north, east (km) =   -11.65927   -3.39103
 Using Richter tables: vlat, vlong =    32.64936  130.72682
 Using sphere approx : vlat, vlong =    32.64965  130.72676
 
T054
 Ref. lat, long. =    32.75450  130.76300
 Distance north, east (km) =    -9.84665   -2.54580
 Using Richter tables: vlat, vlong =    32.66571  130.73584
 Using sphere approx : vlat, vlong =    32.66595  130.73579
 
T055
 Ref. lat, long. =    32.75450  130.76300
 Distance north, east (km) =    -8.03404   -1.70056
 Using Richter tables: vlat, vlong =    32.68206  130.74486
 Using sphere approx : vlat, vlong =    32.68225  130.74483
 
T056
 Ref. lat, long. =    32.75450  130.76300
 Distance north, east (km) =    -6.22142   -0.85532
 Using Richter tables: vlat, vlong =    32.69840  130.75388
 Using sphere approx : vlat, vlong =    32.69855  130.75386
 
T057
 Ref. lat, long. =    32.75450  130.76300
 Distance north, east (km) =    -4.40881   -0.01009
 Using Richter tables: vlat, vlong =    32.71474  130.76289
 Using sphere approx : vlat, vlong =    32.71485  130.76289
 
T058
 Ref. lat, long. =    32.75450  130.76300
 Distance north, east (km) =    -2.59619    0.83515
 Using Richter tables: vlat, vlong =    32.73109  130.77191
 Using sphere approx : vlat, vlong =    32.73115  130.77193
 
T059
 Ref. lat, long. =    32.75450  130.76300
 Distance north, east (km) =    -0.78358    1.68039
 Using Richter tables: vlat, vlong =    32.74744  130.78093
 Using sphere approx : vlat, vlong =    32.74746  130.78098
 
T060
 Ref. lat, long. =    32.75450  130.76300
 Distance north, east (km) =     1.02904    2.52562
 Using Richter tables: vlat, vlong =    32.76378  130.78995
 Using sphere approx : vlat, vlong =    32.76376  130.79001
 
T061
 Ref. lat, long. =    32.75450  130.76300
 Distance north, east (km) =     2.84165    3.37086
 Using Richter tables: vlat, vlong =    32.78012  130.79897
 Using sphere approx : vlat, vlong =    32.78006  130.79906
 
T062
 Ref. lat, long. =    32.75450  130.76300
 Distance north, east (km) =     4.65427    4.21610
 Using Richter tables: vlat, vlong =    32.79647  130.80798
 Using sphere approx : vlat, vlong =    32.79636  130.80809
 
T063
 Ref. lat, long. =    32.75450  130.76300
 Distance north, east (km) =     6.46689    5.06133
 Using Richter tables: vlat, vlong =    32.81282  130.81700
 Using sphere approx : vlat, vlong =    32.81266  130.81714
 
T064
 Ref. lat, long. =    32.75450  130.76300
 Distance north, east (km) =   -29.52423  -12.40353
 Using Richter tables: vlat, vlong =    32.48827  130.63065
 Using sphere approx : vlat, vlong =    32.48898  130.63055
 
T065
 Ref. lat, long. =    32.75450  130.76300
 Distance north, east (km) =   -27.71162  -11.55829
 Using Richter tables: vlat, vlong =    32.50462  130.63966
 Using sphere approx : vlat, vlong =    32.50528  130.63957
 
T066
 Ref. lat, long. =    32.75450  130.76300
 Distance north, east (km) =   -25.89900  -10.71305
 Using Richter tables: vlat, vlong =    32.52096  130.64868
 Using sphere approx : vlat, vlong =    32.52159  130.64859
 
T067
 Ref. lat, long. =    32.75450  130.76300
 Distance north, east (km) =   -24.08639   -9.86782
 Using Richter tables: vlat, vlong =    32.53731  130.65770
 Using sphere approx : vlat, vlong =    32.53789  130.65761
 
T068
 Ref. lat, long. =    32.75450  130.76300
 Distance north, east (km) =   -22.27377   -9.02258
 Using Richter tables: vlat, vlong =    32.55365  130.66672
 Using sphere approx : vlat, vlong =    32.55419  130.66663
 
T069
 Ref. lat, long. =    32.75450  130.76300
 Distance north, east (km) =   -20.46116   -8.17735
 Using Richter tables: vlat, vlong =    32.57000  130.67574
 Using sphere approx : vlat, vlong =    32.57049  130.67564
 
T070
 Ref. lat, long. =    32.75450  130.76300
 Distance north, east (km) =   -18.64854   -7.33211
 Using Richter tables: vlat, vlong =    32.58634  130.68477
 Using sphere approx : vlat, vlong =    32.58679  130.68466
 
T071
 Ref. lat, long. =    32.75450  130.76300
 Distance north, east (km) =   -16.83592   -6.48687
 Using Richter tables: vlat, vlong =    32.60269  130.69379
 Using sphere approx : vlat, vlong =    32.60309  130.69370
 
T072
 Ref. lat, long. =    32.75450  130.76300
 Distance north, east (km) =   -15.02331   -5.64163
 Using Richter tables: vlat, vlong =    32.61903  130.70280
 Using sphere approx : vlat, vlong =    32.61939  130.70271
 
T073
 Ref. lat, long. =    32.75450  130.76300
 Distance north, east (km) =   -13.21069   -4.79640
 Using Richter tables: vlat, vlong =    32.63538  130.71182
 Using sphere approx : vlat, vlong =    32.63570  130.71175
 
T074
 Ref. lat, long. =    32.75450  130.76300
 Distance north, east (km) =   -11.39808   -3.95116
 Using Richter tables: vlat, vlong =    32.65172  130.72084
 Using sphere approx : vlat, vlong =    32.65200  130.72078
 
T075
 Ref. lat, long. =    32.75450  130.76300
 Distance north, east (km) =    -9.58546   -3.10593
 Using Richter tables: vlat, vlong =    32.66807  130.72986
 Using sphere approx : vlat, vlong =    32.66830  130.72980
 
T076
 Ref. lat, long. =    32.75450  130.76300
 Distance north, east (km) =    -7.77285   -2.26069
 Using Richter tables: vlat, vlong =    32.68441  130.73888
 Using sphere approx : vlat, vlong =    32.68460  130.73883
 
T077
 Ref. lat, long. =    32.75450  130.76300
 Distance north, east (km) =    -5.96023   -1.41545
 Using Richter tables: vlat, vlong =    32.70076  130.74789
 Using sphere approx : vlat, vlong =    32.70090  130.74786
 
T078
 Ref. lat, long. =    32.75450  130.76300
 Distance north, east (km) =    -4.14762   -0.57022
 Using Richter tables: vlat, vlong =    32.71710  130.75691
 Using sphere approx : vlat, vlong =    32.71720  130.75690
 
T079
 Ref. lat, long. =    32.75450  130.76300
 Distance north, east (km) =    -2.33500    0.27502
 Using Richter tables: vlat, vlong =    32.73344  130.76593
 Using sphere approx : vlat, vlong =    32.73350  130.76595
 
T080
 Ref. lat, long. =    32.75450  130.76300
 Distance north, east (km) =    -0.52238    1.12026
 Using Richter tables: vlat, vlong =    32.74979  130.77495
 Using sphere approx : vlat, vlong =    32.74980  130.77498
 
T081
 Ref. lat, long. =    32.75450  130.76300
 Distance north, east (km) =     1.29023    1.96549
 Using Richter tables: vlat, vlong =    32.76614  130.78398
 Using sphere approx : vlat, vlong =    32.76611  130.78403
 
T082
 Ref. lat, long. =    32.75450  130.76300
 Distance north, east (km) =     3.10285    2.81073
 Using Richter tables: vlat, vlong =    32.78248  130.79300
 Using sphere approx : vlat, vlong =    32.78241  130.79306
 
T083
 Ref. lat, long. =    32.75450  130.76300
 Distance north, east (km) =     4.91546    3.65597
 Using Richter tables: vlat, vlong =    32.79882  130.80202
 Using sphere approx : vlat, vlong =    32.79871  130.80211
 
T084
 Ref. lat, long. =    32.75450  130.76300
 Distance north, east (km) =     6.72808    4.50120
 Using Richter tables: vlat, vlong =    32.81517  130.81104
 Using sphere approx : vlat, vlong =    32.81501  130.81116
 
T085
 Ref. lat, long. =    32.75450  130.76300
 Distance north, east (km) =   -29.26304  -12.96366
 Using Richter tables: vlat, vlong =    32.49063  130.62466
 Using sphere approx : vlat, vlong =    32.49133  130.62457
 
T086
 Ref. lat, long. =    32.75450  130.76300
 Distance north, east (km) =   -27.45042  -12.11842
 Using Richter tables: vlat, vlong =    32.50697  130.63368
 Using sphere approx : vlat, vlong =    32.50763  130.63359
 
T087
 Ref. lat, long. =    32.75450  130.76300
 Distance north, east (km) =   -25.63781  -11.27318
 Using Richter tables: vlat, vlong =    32.52332  130.64270
 Using sphere approx : vlat, vlong =    32.52393  130.64261
 
T088
 Ref. lat, long. =    32.75450  130.76300
 Distance north, east (km) =   -23.82519  -10.42795
 Using Richter tables: vlat, vlong =    32.53966  130.65173
 Using sphere approx : vlat, vlong =    32.54024  130.65163
 
T089
 Ref. lat, long. =    32.75450  130.76300
 Distance north, east (km) =   -22.01258   -9.58271
 Using Richter tables: vlat, vlong =    32.55601  130.66075
 Using sphere approx : vlat, vlong =    32.55654  130.66064
 
T090
 Ref. lat, long. =    32.75450  130.76300
 Distance north, east (km) =   -20.19996   -8.73747
 Using Richter tables: vlat, vlong =    32.57235  130.66977
 Using sphere approx : vlat, vlong =    32.57284  130.66966
 
T091
 Ref. lat, long. =    32.75450  130.76300
 Distance north, east (km) =   -18.38735   -7.89224
 Using Richter tables: vlat, vlong =    32.58870  130.67879
 Using sphere approx : vlat, vlong =    32.58914  130.67868
 
T092
 Ref. lat, long. =    32.75450  130.76300
 Distance north, east (km) =   -16.57473   -7.04700
 Using Richter tables: vlat, vlong =    32.60504  130.68781
 Using sphere approx : vlat, vlong =    32.60544  130.68771
 
T093
 Ref. lat, long. =    32.75450  130.76300
 Distance north, east (km) =   -14.76212   -6.20176
 Using Richter tables: vlat, vlong =    32.62139  130.69682
 Using sphere approx : vlat, vlong =    32.62174  130.69673
 
T094
 Ref. lat, long. =    32.75450  130.76300
 Distance north, east (km) =   -12.94950   -5.35653
 Using Richter tables: vlat, vlong =    32.63773  130.70584
 Using sphere approx : vlat, vlong =    32.63804  130.70576
 
T095
 Ref. lat, long. =    32.75450  130.76300
 Distance north, east (km) =   -11.13689   -4.51129
 Using Richter tables: vlat, vlong =    32.65408  130.71486
 Using sphere approx : vlat, vlong =    32.65435  130.71478
 
T096
 Ref. lat, long. =    32.75450  130.76300
 Distance north, east (km) =    -9.32427   -3.66605
 Using Richter tables: vlat, vlong =    32.67042  130.72388
 Using sphere approx : vlat, vlong =    32.67065  130.72382
 
T097
 Ref. lat, long. =    32.75450  130.76300
 Distance north, east (km) =    -7.51165   -2.82082
 Using Richter tables: vlat, vlong =    32.68677  130.73289
 Using sphere approx : vlat, vlong =    32.68695  130.73285
 
T098
 Ref. lat, long. =    32.75450  130.76300
 Distance north, east (km) =    -5.69904   -1.97558
 Using Richter tables: vlat, vlong =    32.70311  130.74191
 Using sphere approx : vlat, vlong =    32.70325  130.74188
 
T099
 Ref. lat, long. =    32.75450  130.76300
 Distance north, east (km) =    -3.88642   -1.13034
 Using Richter tables: vlat, vlong =    32.71946  130.75095
 Using sphere approx : vlat, vlong =    32.71955  130.75092
 
T100
 Ref. lat, long. =    32.75450  130.76300
 Distance north, east (km) =    -2.07381   -0.28511
 Using Richter tables: vlat, vlong =    32.73580  130.75996
 Using sphere approx : vlat, vlong =    32.73585  130.75995
 
T101
 Ref. lat, long. =    32.75450  130.76300
 Distance north, east (km) =    -0.26119    0.56013
 Using Richter tables: vlat, vlong =    32.75215  130.76898
 Using sphere approx : vlat, vlong =    32.75215  130.76900
 
T102
 Ref. lat, long. =    32.75450  130.76300
 Distance north, east (km) =     1.55142    1.40537
 Using Richter tables: vlat, vlong =    32.76849  130.77800
 Using sphere approx : vlat, vlong =    32.76846  130.77803
 
T103
 Ref. lat, long. =    32.75450  130.76300
 Distance north, east (km) =     3.36404    2.25060
 Using Richter tables: vlat, vlong =    32.78484  130.78702
 Using sphere approx : vlat, vlong =    32.78476  130.78708
 
T104
 Ref. lat, long. =    32.75450  130.76300
 Distance north, east (km) =     5.17665    3.09584
 Using Richter tables: vlat, vlong =    32.80118  130.79604
 Using sphere approx : vlat, vlong =    32.80106  130.79611
 
T105
 Ref. lat, long. =    32.75450  130.76300
 Distance north, east (km) =     6.98927    3.94108
 Using Richter tables: vlat, vlong =    32.81752  130.80505
 Using sphere approx : vlat, vlong =    32.81736  130.80516
 
T106
 Ref. lat, long. =    32.75450  130.76300
 Distance north, east (km) =   -29.00185  -13.52379
 Using Richter tables: vlat, vlong =    32.49298  130.61870
 Using sphere approx : vlat, vlong =    32.49368  130.61859
 
T107
 Ref. lat, long. =    32.75450  130.76300
 Distance north, east (km) =   -27.18923  -12.67855
 Using Richter tables: vlat, vlong =    32.50933  130.62772
 Using sphere approx : vlat, vlong =    32.50998  130.62761
 
T108
 Ref. lat, long. =    32.75450  130.76300
 Distance north, east (km) =   -25.37662  -11.83331
 Using Richter tables: vlat, vlong =    32.52567  130.63673
 Using sphere approx : vlat, vlong =    32.52628  130.63663
 
T109
 Ref. lat, long. =    32.75450  130.76300
 Distance north, east (km) =   -23.56400  -10.98808
 Using Richter tables: vlat, vlong =    32.54202  130.64575
 Using sphere approx : vlat, vlong =    32.54258  130.64565
 
T110
 Ref. lat, long. =    32.75450  130.76300
 Distance north, east (km) =   -21.75138  -10.14284
 Using Richter tables: vlat, vlong =    32.55836  130.65477
 Using sphere approx : vlat, vlong =    32.55889  130.65466
 
T111
 Ref. lat, long. =    32.75450  130.76300
 Distance north, east (km) =   -19.93877   -9.29760
 Using Richter tables: vlat, vlong =    32.57471  130.66379
 Using sphere approx : vlat, vlong =    32.57519  130.66368
 
T112
 Ref. lat, long. =    32.75450  130.76300
 Distance north, east (km) =   -18.12615   -8.45237
 Using Richter tables: vlat, vlong =    32.59105  130.67281
 Using sphere approx : vlat, vlong =    32.59149  130.67270
 
T113
 Ref. lat, long. =    32.75450  130.76300
 Distance north, east (km) =   -16.31354   -7.60713
 Using Richter tables: vlat, vlong =    32.60740  130.68182
 Using sphere approx : vlat, vlong =    32.60779  130.68172
 
T114
 Ref. lat, long. =    32.75450  130.76300
 Distance north, east (km) =   -14.50092   -6.76189
 Using Richter tables: vlat, vlong =    32.62374  130.69084
 Using sphere approx : vlat, vlong =    32.62409  130.69075
 
T115
 Ref. lat, long. =    32.75450  130.76300
 Distance north, east (km) =   -12.68831   -5.91666
 Using Richter tables: vlat, vlong =    32.64009  130.69986
 Using sphere approx : vlat, vlong =    32.64039  130.69977
 
T116
 Ref. lat, long. =    32.75450  130.76300
 Distance north, east (km) =   -10.87569   -5.07142
 Using Richter tables: vlat, vlong =    32.65643  130.70888
 Using sphere approx : vlat, vlong =    32.65669  130.70880
 
T117
 Ref. lat, long. =    32.75450  130.76300
 Distance north, east (km) =    -9.06308   -4.22618
 Using Richter tables: vlat, vlong =    32.67278  130.71791
 Using sphere approx : vlat, vlong =    32.67300  130.71783
 
T118
 Ref. lat, long. =    32.75450  130.76300
 Distance north, east (km) =    -7.25046   -3.38095
 Using Richter tables: vlat, vlong =    32.68912  130.72693
 Using sphere approx : vlat, vlong =    32.68930  130.72685
 
T119
 Ref. lat, long. =    32.75450  130.76300
 Distance north, east (km) =    -5.43785   -2.53571
 Using Richter tables: vlat, vlong =    32.70547  130.73595
 Using sphere approx : vlat, vlong =    32.70560  130.73589
 
T120
 Ref. lat, long. =    32.75450  130.76300
 Distance north, east (km) =    -3.62523   -1.69047
 Using Richter tables: vlat, vlong =    32.72181  130.74496
 Using sphere approx : vlat, vlong =    32.72190  130.74493
 
T121
 Ref. lat, long. =    32.75450  130.76300
 Distance north, east (km) =    -1.81262   -0.84524
 Using Richter tables: vlat, vlong =    32.73816  130.75398
 Using sphere approx : vlat, vlong =    32.73820  130.75397
 
T122
 Ref. lat, long. =    32.75450  130.76300
 Distance north, east (km) =     0.00000    0.00000
 Using Richter tables: vlat, vlong =    32.75450  130.76300
 Using sphere approx : vlat, vlong =    32.75450  130.76300
 
T123
 Ref. lat, long. =    32.75450  130.76300
 Distance north, east (km) =     1.81262    0.84524
 Using Richter tables: vlat, vlong =    32.77085  130.77202
 Using sphere approx : vlat, vlong =    32.77080  130.77203
 
T124
 Ref. lat, long. =    32.75450  130.76300
 Distance north, east (km) =     3.62523    1.69047
 Using Richter tables: vlat, vlong =    32.78719  130.78104
 Using sphere approx : vlat, vlong =    32.78711  130.78108
 
T125
 Ref. lat, long. =    32.75450  130.76300
 Distance north, east (km) =     5.43785    2.53571
 Using Richter tables: vlat, vlong =    32.80354  130.79005
 Using sphere approx : vlat, vlong =    32.80341  130.79013
 
T126
 Ref. lat, long. =    32.75450  130.76300
 Distance north, east (km) =     7.25046    3.38095
 Using Richter tables: vlat, vlong =    32.81988  130.79907
 Using sphere approx : vlat, vlong =    32.81971  130.79916
 
T127
 Ref. lat, long. =    32.75450  130.76300
 Distance north, east (km) =   -28.74066  -14.08391
 Using Richter tables: vlat, vlong =    32.49534  130.61272
 Using sphere approx : vlat, vlong =    32.49603  130.61261
 
T128
 Ref. lat, long. =    32.75450  130.76300
 Distance north, east (km) =   -26.92804  -13.23868
 Using Richter tables: vlat, vlong =    32.51168  130.62173
 Using sphere approx : vlat, vlong =    32.51233  130.62163
 
T129
 Ref. lat, long. =    32.75450  130.76300
 Distance north, east (km) =   -25.11542  -12.39344
 Using Richter tables: vlat, vlong =    32.52803  130.63075
 Using sphere approx : vlat, vlong =    32.52863  130.63065
 
T130
 Ref. lat, long. =    32.75450  130.76300
 Distance north, east (km) =   -23.30281  -11.54820
 Using Richter tables: vlat, vlong =    32.54437  130.63977
 Using sphere approx : vlat, vlong =    32.54493  130.63965
 
T131
 Ref. lat, long. =    32.75450  130.76300
 Distance north, east (km) =   -21.49019  -10.70297
 Using Richter tables: vlat, vlong =    32.56072  130.64879
 Using sphere approx : vlat, vlong =    32.56123  130.64867
 
T132
 Ref. lat, long. =    32.75450  130.76300
 Distance north, east (km) =   -19.67758   -9.85773
 Using Richter tables: vlat, vlong =    32.57706  130.65781
 Using sphere approx : vlat, vlong =    32.57754  130.65768
 
T133
 Ref. lat, long. =    32.75450  130.76300
 Distance north, east (km) =   -17.86496   -9.01250
 Using Richter tables: vlat, vlong =    32.59341  130.66682
 Using sphere approx : vlat, vlong =    32.59384  130.66672
 
T134
 Ref. lat, long. =    32.75450  130.76300
 Distance north, east (km) =   -16.05235   -8.16726
 Using Richter tables: vlat, vlong =    32.60975  130.67584
 Using sphere approx : vlat, vlong =    32.61014  130.67574
 
T135
 Ref. lat, long. =    32.75450  130.76300
 Distance north, east (km) =   -14.23973   -7.32202
 Using Richter tables: vlat, vlong =    32.62610  130.68488
 Using sphere approx : vlat, vlong =    32.62644  130.68475
 
T136
 Ref. lat, long. =    32.75450  130.76300
 Distance north, east (km) =   -12.42712   -6.47679
 Using Richter tables: vlat, vlong =    32.64244  130.69389
 Using sphere approx : vlat, vlong =    32.64274  130.69379
 
T137
 Ref. lat, long. =    32.75450  130.76300
 Distance north, east (km) =   -10.61450   -5.63155
 Using Richter tables: vlat, vlong =    32.65879  130.70291
 Using sphere approx : vlat, vlong =    32.65904  130.70280
 
T138
 Ref. lat, long. =    32.75450  130.76300
 Distance north, east (km) =    -8.80188   -4.78631
 Using Richter tables: vlat, vlong =    32.67513  130.71193
 Using sphere approx : vlat, vlong =    32.67534  130.71184
 
T139
 Ref. lat, long. =    32.75450  130.76300
 Distance north, east (km) =    -6.98927   -3.94108
 Using Richter tables: vlat, vlong =    32.69148  130.72095
 Using sphere approx : vlat, vlong =    32.69165  130.72087
 
T140
 Ref. lat, long. =    32.75450  130.76300
 Distance north, east (km) =    -5.17665   -3.09584
 Using Richter tables: vlat, vlong =    32.70782  130.72997
 Using sphere approx : vlat, vlong =    32.70795  130.72990
 
T141
 Ref. lat, long. =    32.75450  130.76300
 Distance north, east (km) =    -3.36404   -2.25060
 Using Richter tables: vlat, vlong =    32.72417  130.73898
 Using sphere approx : vlat, vlong =    32.72425  130.73894
 
T142
 Ref. lat, long. =    32.75450  130.76300
 Distance north, east (km) =    -1.55142   -1.40537
 Using Richter tables: vlat, vlong =    32.74051  130.74800
 Using sphere approx : vlat, vlong =    32.74055  130.74797
 
T143
 Ref. lat, long. =    32.75450  130.76300
 Distance north, east (km) =     0.26119   -0.56013
 Using Richter tables: vlat, vlong =    32.75686  130.75702
 Using sphere approx : vlat, vlong =    32.75685  130.75700
 
T144
 Ref. lat, long. =    32.75450  130.76300
 Distance north, east (km) =     2.07381    0.28511
 Using Richter tables: vlat, vlong =    32.77320  130.76604
 Using sphere approx : vlat, vlong =    32.77315  130.76605
 
T145
 Ref. lat, long. =    32.75450  130.76300
 Distance north, east (km) =     3.88642    1.13034
 Using Richter tables: vlat, vlong =    32.78955  130.77505
 Using sphere approx : vlat, vlong =    32.78945  130.77509
 
T146
 Ref. lat, long. =    32.75450  130.76300
 Distance north, east (km) =     5.69904    1.97558
 Using Richter tables: vlat, vlong =    32.80589  130.78409
 Using sphere approx : vlat, vlong =    32.80576  130.78413
 
T147
 Ref. lat, long. =    32.75450  130.76300
 Distance north, east (km) =     7.51165    2.82082
 Using Richter tables: vlat, vlong =    32.82224  130.79311
 Using sphere approx : vlat, vlong =    32.82206  130.79318
 
T148
 Ref. lat, long. =    32.75450  130.76300
 Distance north, east (km) =   -28.47946  -14.64404
 Using Richter tables: vlat, vlong =    32.49769  130.60674
 Using sphere approx : vlat, vlong =    32.49838  130.60663
 
T149
 Ref. lat, long. =    32.75450  130.76300
 Distance north, east (km) =   -26.66685  -13.79881
 Using Richter tables: vlat, vlong =    32.51404  130.61575
 Using sphere approx : vlat, vlong =    32.51468  130.61565
 
T150
 Ref. lat, long. =    32.75450  130.76300
 Distance north, east (km) =   -24.85423  -12.95357
 Using Richter tables: vlat, vlong =    32.53038  130.62477
 Using sphere approx : vlat, vlong =    32.53098  130.62465
 
T151
 Ref. lat, long. =    32.75450  130.76300
 Distance north, east (km) =   -23.04162  -12.10833
 Using Richter tables: vlat, vlong =    32.54673  130.63379
 Using sphere approx : vlat, vlong =    32.54728  130.63367
 
T152
 Ref. lat, long. =    32.75450  130.76300
 Distance north, east (km) =   -21.22900  -11.26310
 Using Richter tables: vlat, vlong =    32.56307  130.64282
 Using sphere approx : vlat, vlong =    32.56358  130.64268
 
T153
 Ref. lat, long. =    32.75450  130.76300
 Distance north, east (km) =   -19.41638  -10.41786
 Using Richter tables: vlat, vlong =    32.57942  130.65184
 Using sphere approx : vlat, vlong =    32.57989  130.65170
 
T154
 Ref. lat, long. =    32.75450  130.76300
 Distance north, east (km) =   -17.60377   -9.57262
 Using Richter tables: vlat, vlong =    32.59576  130.66086
 Using sphere approx : vlat, vlong =    32.59619  130.66072
 
T155
 Ref. lat, long. =    32.75450  130.76300
 Distance north, east (km) =   -15.79115   -8.72739
 Using Richter tables: vlat, vlong =    32.61211  130.66988
 Using sphere approx : vlat, vlong =    32.61249  130.66975
 
T156
 Ref. lat, long. =    32.75450  130.76300
 Distance north, east (km) =   -13.97854   -7.88215
 Using Richter tables: vlat, vlong =    32.62845  130.67889
 Using sphere approx : vlat, vlong =    32.62879  130.67877
 
T157
 Ref. lat, long. =    32.75450  130.76300
 Distance north, east (km) =   -12.16592   -7.03691
 Using Richter tables: vlat, vlong =    32.64480  130.68791
 Using sphere approx : vlat, vlong =    32.64509  130.68779
 
T158
 Ref. lat, long. =    32.75450  130.76300
 Distance north, east (km) =   -10.35331   -6.19168
 Using Richter tables: vlat, vlong =    32.66114  130.69693
 Using sphere approx : vlat, vlong =    32.66139  130.69682
 
T159
 Ref. lat, long. =    32.75450  130.76300
 Distance north, east (km) =    -8.54069   -5.34644
 Using Richter tables: vlat, vlong =    32.67749  130.70595
 Using sphere approx : vlat, vlong =    32.67769  130.70586
 
T160
 Ref. lat, long. =    32.75450  130.76300
 Distance north, east (km) =    -6.72808   -4.50120
 Using Richter tables: vlat, vlong =    32.69383  130.71497
 Using sphere approx : vlat, vlong =    32.69399  130.71489
 
T161
 Ref. lat, long. =    32.75450  130.76300
 Distance north, east (km) =    -4.91546   -3.65597
 Using Richter tables: vlat, vlong =    32.71018  130.72398
 Using sphere approx : vlat, vlong =    32.71030  130.72391
 
T162
 Ref. lat, long. =    32.75450  130.76300
 Distance north, east (km) =    -3.10285   -2.81073
 Using Richter tables: vlat, vlong =    32.72652  130.73300
 Using sphere approx : vlat, vlong =    32.72660  130.73296
 
T163
 Ref. lat, long. =    32.75450  130.76300
 Distance north, east (km) =    -1.29023   -1.96549
 Using Richter tables: vlat, vlong =    32.74287  130.74202
 Using sphere approx : vlat, vlong =    32.74290  130.74199
 
T164
 Ref. lat, long. =    32.75450  130.76300
 Distance north, east (km) =     0.52239   -1.12026
 Using Richter tables: vlat, vlong =    32.75921  130.75105
 Using sphere approx : vlat, vlong =    32.75920  130.75102
 
T165
 Ref. lat, long. =    32.75450  130.76300
 Distance north, east (km) =     2.33500   -0.27502
 Using Richter tables: vlat, vlong =    32.77556  130.76007
 Using sphere approx : vlat, vlong =    32.77550  130.76006
 
T166
 Ref. lat, long. =    32.75450  130.76300
 Distance north, east (km) =     4.14762    0.57022
 Using Richter tables: vlat, vlong =    32.79190  130.76909
 Using sphere approx : vlat, vlong =    32.79180  130.76910
 
T167
 Ref. lat, long. =    32.75450  130.76300
 Distance north, east (km) =     5.96023    1.41545
 Using Richter tables: vlat, vlong =    32.80825  130.77811
 Using sphere approx : vlat, vlong =    32.80810  130.77814
 
T168
 Ref. lat, long. =    32.75450  130.76300
 Distance north, east (km) =     7.77285    2.26069
 Using Richter tables: vlat, vlong =    32.82459  130.78712
 Using sphere approx : vlat, vlong =    32.82441  130.78719
 
T169
 Ref. lat, long. =    32.75450  130.76300
 Distance north, east (km) =   -28.21827  -15.20417
 Using Richter tables: vlat, vlong =    32.50005  130.60075
 Using sphere approx : vlat, vlong =    32.50073  130.60065
 
T170
 Ref. lat, long. =    32.75450  130.76300
 Distance north, east (km) =   -26.40565  -14.35894
 Using Richter tables: vlat, vlong =    32.51639  130.60979
 Using sphere approx : vlat, vlong =    32.51703  130.60965
 
T171
 Ref. lat, long. =    32.75450  130.76300
 Distance north, east (km) =   -24.59304  -13.51370
 Using Richter tables: vlat, vlong =    32.53274  130.61880
 Using sphere approx : vlat, vlong =    32.53333  130.61867
 
T172
 Ref. lat, long. =    32.75450  130.76300
 Distance north, east (km) =   -22.78042  -12.66846
 Using Richter tables: vlat, vlong =    32.54908  130.62782
 Using sphere approx : vlat, vlong =    32.54963  130.62769
 
T173
 Ref. lat, long. =    32.75450  130.76300
 Distance north, east (km) =   -20.96781  -11.82323
 Using Richter tables: vlat, vlong =    32.56543  130.63684
 Using sphere approx : vlat, vlong =    32.56593  130.63670
 
T174
 Ref. lat, long. =    32.75450  130.76300
 Distance north, east (km) =   -19.15519  -10.97799
 Using Richter tables: vlat, vlong =    32.58177  130.64586
 Using sphere approx : vlat, vlong =    32.58223  130.64572
 
T175
 Ref. lat, long. =    32.75450  130.76300
 Distance north, east (km) =   -17.34258  -10.13275
 Using Richter tables: vlat, vlong =    32.59812  130.65488
 Using sphere approx : vlat, vlong =    32.59854  130.65474
 
T176
 Ref. lat, long. =    32.75450  130.76300
 Distance north, east (km) =   -15.52996   -9.28752
 Using Richter tables: vlat, vlong =    32.61446  130.66389
 Using sphere approx : vlat, vlong =    32.61484  130.66376
 
T177
 Ref. lat, long. =    32.75450  130.76300
 Distance north, east (km) =   -13.71735   -8.44228
 Using Richter tables: vlat, vlong =    32.63081  130.67291
 Using sphere approx : vlat, vlong =    32.63114  130.67279
 
T178
 Ref. lat, long. =    32.75450  130.76300
 Distance north, east (km) =   -11.90473   -7.59704
 Using Richter tables: vlat, vlong =    32.64715  130.68193
 Using sphere approx : vlat, vlong =    32.64744  130.68181
 
T179
 Ref. lat, long. =    32.75450  130.76300
 Distance north, east (km) =   -10.09212   -6.75181
 Using Richter tables: vlat, vlong =    32.66350  130.69095
 Using sphere approx : vlat, vlong =    32.66374  130.69084
 
T180
 Ref. lat, long. =    32.75450  130.76300
 Distance north, east (km) =    -8.27950   -5.90657
 Using Richter tables: vlat, vlong =    32.67984  130.69997
 Using sphere approx : vlat, vlong =    32.68004  130.69986
 
T181
 Ref. lat, long. =    32.75450  130.76300
 Distance north, east (km) =    -6.46689   -5.06133
 Using Richter tables: vlat, vlong =    32.69619  130.70900
 Using sphere approx : vlat, vlong =    32.69634  130.70889
 
T182
 Ref. lat, long. =    32.75450  130.76300
 Distance north, east (km) =    -4.65427   -4.21610
 Using Richter tables: vlat, vlong =    32.71253  130.71802
 Using sphere approx : vlat, vlong =    32.71264  130.71793
 
T183
 Ref. lat, long. =    32.75450  130.76300
 Distance north, east (km) =    -2.84165   -3.37086
 Using Richter tables: vlat, vlong =    32.72888  130.72704
 Using sphere approx : vlat, vlong =    32.72895  130.72696
 
T184
 Ref. lat, long. =    32.75450  130.76300
 Distance north, east (km) =    -1.02904   -2.52562
 Using Richter tables: vlat, vlong =    32.74522  130.73605
 Using sphere approx : vlat, vlong =    32.74525  130.73599
 
T185
 Ref. lat, long. =    32.75450  130.76300
 Distance north, east (km) =     0.78358   -1.68039
 Using Richter tables: vlat, vlong =    32.76157  130.74507
 Using sphere approx : vlat, vlong =    32.76155  130.74503
 
T186
 Ref. lat, long. =    32.75450  130.76300
 Distance north, east (km) =     2.59619   -0.83515
 Using Richter tables: vlat, vlong =    32.77791  130.75409
 Using sphere approx : vlat, vlong =    32.77785  130.75407
 
T187
 Ref. lat, long. =    32.75450  130.76300
 Distance north, east (km) =     4.40881    0.01009
 Using Richter tables: vlat, vlong =    32.79426  130.76311
 Using sphere approx : vlat, vlong =    32.79415  130.76311
 
T188
 Ref. lat, long. =    32.75450  130.76300
 Distance north, east (km) =     6.22142    0.85532
 Using Richter tables: vlat, vlong =    32.81060  130.77213
 Using sphere approx : vlat, vlong =    32.81045  130.77216
 
T189
 Ref. lat, long. =    32.75450  130.76300
 Distance north, east (km) =     8.03404    1.70056
 Using Richter tables: vlat, vlong =    32.82695  130.78114
 Using sphere approx : vlat, vlong =    32.82675  130.78119
 
stop
