           1  -29495.311       10159.108       50382.727    
           2  -27301.250       8113.1133       50382.727    
           3  -25107.188       6067.1182       50382.727    
           4  -22913.127       4021.1230       50382.727    
           5  -20719.066       1975.1279       50382.727    
           6  -18525.006      -70.867188       50382.727    
           7  -16330.944      -2116.8623       50382.727    
           8  -14136.883      -4162.8574       50382.727    
           9  -11942.822      -6208.8525       50382.727    
          10  -9748.7617      -8254.8486       50382.727    
          11  -7554.7012      -10300.843       50382.727    
          12  -5360.6387      -12346.837       50382.727    
          13  -3166.5781      -14392.833       50382.727    
          14  -972.51758      -16438.828       50382.727    
          15   1221.5449      -18484.824       50382.727    
          16   3415.6035      -20530.816       50382.727    
          17   5609.6660      -22576.813       50382.727    
          18   7803.7285      -24622.809       50382.727    
          19   9997.7871      -26668.805       50382.727    
          20   12191.850      -28714.797       50382.727    
          21  -27572.703       12220.852       51408.785    
          22  -25378.643       10174.856       51408.785    
          23  -23184.580       8128.8613       51408.785    
          24  -20990.520       6082.8662       51408.785    
          25  -18796.459       4036.8708       51408.785    
          26  -16602.398       1990.8757       51408.785    
          27  -14408.338      -55.119385       51408.785    
          28  -12214.276      -2101.1145       51408.785    
          29  -10020.216      -4147.1094       51408.785    
          30  -7826.1553      -6193.1055       51408.785    
          31  -5632.0947      -8239.0996       51408.785    
          32  -3438.0322      -10285.094       51408.785    
          33  -1243.9716      -12331.090       51408.785    
          34   950.08899      -14377.085       51408.785    
          35   3144.1514      -16423.082       51408.785    
          36   5338.2100      -18469.074       51408.785    
          37   7532.2725      -20515.070       51408.785    
          38   9726.3350      -22561.066       51408.785    
          39   11920.394      -24607.063       51408.785    
          40   14114.456      -26653.055       51408.785    
          41  -25650.098       14282.594       52434.848    
          42  -23456.037       12236.600       52434.848    
          43  -21261.975       10190.604       52434.848    
          44  -19067.914       8144.6089       52434.848    
          45  -16873.854       6098.6138       52434.848    
          46  -14679.793       4052.6187       52434.848    
          47  -12485.731       2006.6235       52434.848    
          48  -10291.670      -39.371582       52434.848    
          49  -8097.6094      -2085.3667       52434.848    
          50  -5903.5488      -4131.3628       52434.848    
          51  -3709.4880      -6177.3569       52434.848    
          52  -1515.4255      -8223.3516       52434.848    
          53   678.63501      -10269.348       52434.848    
          54   2872.6956      -12315.342       52434.848    
          55   5066.7578      -14361.338       52434.848    
          56   7260.8164      -16407.330       52434.848    
          57   9454.8789      -18453.326       52434.848    
          58   11648.941      -20499.322       52434.848    
          59   13843.000      -22545.318       52434.848    
          60   16037.063      -24591.311       52434.848    
          61  -23727.490       16344.337       53460.906    
          62  -21533.430       14298.342       53460.906    
          63  -19339.367       12252.347       53460.906    
          64  -17145.307       10206.352       53460.906    
          65  -14951.246       8160.3564       53460.906    
          66  -12757.186       6114.3613       53460.906    
          67  -10563.125       4068.3662       53460.906    
          68  -8369.0625       2022.3711       53460.906    
          69  -6175.0024      -23.624023       53460.906    
          70  -3980.9419      -2069.6201       53460.906    
          71  -1786.8813      -4115.6143       53460.906    
          72   407.18115      -6161.6084       53460.906    
          73   2601.2417      -8207.6045       53460.906    
          74   4795.3022      -10253.600       53460.906    
          75   6989.3647      -12299.596       53460.906    
          76   9183.4238      -14345.588       53460.906    
          77   11377.486      -16391.584       53460.906    
          78   13571.549      -18437.580       53460.906    
          79   15765.607      -20483.576       53460.906    
          80   17959.670      -22529.568       53460.906    
          81  -21804.885       18406.080       54486.969    
          82  -19610.824       16360.085       54486.969    
          83  -17416.762       14314.090       54486.969    
          84  -15222.701       12268.095       54486.969    
          85  -13028.641       10222.100       54486.969    
          86  -10834.580       8176.1045       54486.969    
          87  -8640.5176       6130.1094       54486.969    
          88  -6446.4565       4084.1143       54486.969    
          89  -4252.3960       2038.1191       54486.969    
          90  -2058.3354      -7.8769531       54486.969    
          91   135.72510      -2053.8711       54486.969    
          92   2329.7876      -4099.8652       54486.969    
          93   4523.8481      -6145.8613       54486.969    
          94   6717.9087      -8191.8564       54486.969    
          95   8911.9707      -10237.853       54486.969    
          96   11106.029      -12283.845       54486.969    
          97   13300.092      -14329.841       54486.969    
          98   15494.154      -16375.837       54486.969    
          99   17688.213      -18421.832       54486.969    
         100   19882.275      -20467.824       54486.969    
         101  -19882.277       20467.824       55513.027    
         102  -17688.217       18421.828       55513.027    
         103  -15494.154       16375.833       55513.027    
         104  -13300.094       14329.838       55513.027    
         105  -11106.033       12283.843       55513.027    
         106  -8911.9727       10237.848       55513.027    
         107  -6717.9111       8191.8525       55513.027    
         108  -4523.8496       6145.8574       55513.027    
         109  -2329.7891       4099.8623       55513.027    
         110  -135.72852       2053.8662       55513.027    
         111   2058.3320       7.8720703       55513.027    
         112   4252.3945      -2038.1221       55513.027    
         113   6446.4551      -4084.1182       55513.027    
         114   8640.5156      -6130.1133       55513.027    
         115   10834.578      -8176.1094       55513.027    
         116   13028.637      -10222.102       55513.027    
         117   15222.699      -12268.098       55513.027    
         118   17416.762      -14314.094       55513.027    
         119   19610.820      -16360.090       55513.027    
         120   21804.883      -18406.082       55513.027    
         121  -17959.672       22529.566       56539.090    
         122  -15765.610       20483.570       56539.090    
         123  -13571.548       18437.574       56539.090    
         124  -11377.487       16391.580       56539.090    
         125  -9183.4268       14345.585       56539.090    
         126  -6989.3662       12299.590       56539.090    
         127  -4795.3047       10253.595       56539.090    
         128  -2601.2432       8207.5996       56539.090    
         129  -407.18262       6161.6045       56539.090    
         130   1786.8779       4115.6084       56539.090    
         131   3980.9385       2069.6143       56539.090    
         132   6175.0010       23.620117       56539.090    
         133   8369.0615      -2022.3760       56539.090    
         134   10563.122      -4068.3711       56539.090    
         135   12757.185      -6114.3672       56539.090    
         136   14951.243      -8160.3594       56539.090    
         137   17145.305      -10206.355       56539.090    
         138   19339.367      -12252.352       56539.090    
         139   21533.426      -14298.348       56539.090    
         140   23727.488      -16344.340       56539.090    
         141  -16037.064       24591.309       57565.148    
         142  -13843.004       22545.313       57565.148    
         143  -11648.941       20499.318       57565.148    
         144  -9454.8809       18453.324       57565.148    
         145  -7260.8203       16407.328       57565.148    
         146  -5066.7598       14361.333       57565.148    
         147  -2872.6982       12315.338       57565.148    
         148  -678.63672       10269.343       57565.148    
         149   1515.4238       8223.3477       57565.148    
         150   3709.4844       6177.3516       57565.148    
         151   5903.5449       4131.3574       57565.148    
         152   8097.6074       2085.3633       57565.148    
         153   10291.668       39.367188       57565.148    
         154   12485.729      -2006.6279       57565.148    
         155   14679.791      -4052.6240       57565.148    
         156   16873.850      -6098.6162       57565.148    
         157   19067.912      -8144.6123       57565.148    
         158   21261.975      -10190.608       57565.148    
         159   23456.033      -12236.604       57565.148    
         160   25650.096      -14282.597       57565.148    
         161  -14114.458       26653.051       58591.211    
         162  -11920.397       24607.057       58591.211    
         163  -9726.3350       22561.063       58591.211    
         164  -7532.2744       20515.066       58591.211    
         165  -5338.2139       18469.070       58591.211    
         166  -3144.1533       16423.076       58591.211    
         167  -950.09180       14377.081       58591.211    
         168   1243.9697       12331.086       58591.211    
         169   3438.0303       10285.091       58591.211    
         170   5632.0908       8239.0947       58591.211    
         171   7826.1514       6193.1006       58591.211    
         172   10020.214       4147.1064       58591.211    
         173   12214.274       2101.1104       58591.211    
         174   14408.335       55.115234       58591.211    
         175   16602.398      -1990.8809       58591.211    
         176   18796.457      -4036.8730       58591.211    
         177   20990.520      -6082.8691       58591.211    
         178   23184.582      -8128.8652       58591.211    
         179   25378.641      -10174.861       58591.211    
         180   27572.703      -12220.854       58591.211    
         181  -12191.852       28714.793       59617.270    
         182  -9997.7910       26668.799       59617.270    
         183  -7803.7285       24622.805       59617.270    
         184  -5609.6680       22576.809       59617.270    
         185  -3415.6074       20530.813       59617.270    
         186  -1221.5469       18484.818       59617.270    
         187   972.51465       16438.824       59617.270    
         188   3166.5762       14392.828       59617.270    
         189   5360.6367       12346.833       59617.270    
         190   7554.6973       10300.837       59617.270    
         191   9748.7578       8254.8428       59617.270    
         192   11942.820       6208.8486       59617.270    
         193   14136.881       4162.8525       59617.270    
         194   16330.941       2116.8574       59617.270    
         195   18525.004       70.861328       59617.270    
         196   20719.063      -1975.1309       59617.270    
         197   22913.125      -4021.1270       59617.270    
         198   25107.188      -6067.1230       59617.270    
         199   27301.246      -8113.1191       59617.270    
         200   29495.309      -10159.111       59617.270    
