  -29495.311       10159.108    
  -27301.250       8113.1133    
  -25107.188       6067.1182    
  -22913.127       4021.1230    
  -20719.066       1975.1279    
  -18525.006      -70.867188    
  -16330.944      -2116.8623    
  -14136.883      -4162.8574    
  -11942.822      -6208.8525    
  -9748.7617      -8254.8486    
  -7554.7012      -10300.843    
  -5360.6387      -12346.837    
  -3166.5781      -14392.833    
  -972.51758      -16438.828    
   1221.5449      -18484.824    
   3415.6035      -20530.816    
   5609.6660      -22576.813    
   7803.7285      -24622.809    
   9997.7871      -26668.805    
   12191.850      -28714.797    
  -27572.703       12220.852    
  -25378.643       10174.856    
  -23184.580       8128.8613    
  -20990.520       6082.8662    
  -18796.459       4036.8708    
  -16602.398       1990.8757    
  -14408.338      -55.119385    
  -12214.276      -2101.1145    
  -10020.216      -4147.1094    
  -7826.1553      -6193.1055    
  -5632.0947      -8239.0996    
  -3438.0322      -10285.094    
  -1243.9716      -12331.090    
   950.08899      -14377.085    
   3144.1514      -16423.082    
   5338.2100      -18469.074    
   7532.2725      -20515.070    
   9726.3350      -22561.066    
   11920.394      -24607.063    
   14114.456      -26653.055    
  -25650.098       14282.594    
  -23456.037       12236.600    
  -21261.975       10190.604    
  -19067.914       8144.6089    
  -16873.854       6098.6138    
  -14679.793       4052.6187    
  -12485.731       2006.6235    
  -10291.670      -39.371582    
  -8097.6094      -2085.3667    
  -5903.5488      -4131.3628    
  -3709.4880      -6177.3569    
  -1515.4255      -8223.3516    
   678.63501      -10269.348    
   2872.6956      -12315.342    
   5066.7578      -14361.338    
   7260.8164      -16407.330    
   9454.8789      -18453.326    
   11648.941      -20499.322    
   13843.000      -22545.318    
   16037.063      -24591.311    
  -23727.490       16344.337    
  -21533.430       14298.342    
  -19339.367       12252.347    
  -17145.307       10206.352    
  -14951.246       8160.3564    
  -12757.186       6114.3613    
  -10563.125       4068.3662    
  -8369.0625       2022.3711    
  -6175.0024      -23.624023    
  -3980.9419      -2069.6201    
  -1786.8813      -4115.6143    
   407.18115      -6161.6084    
   2601.2417      -8207.6045    
   4795.3022      -10253.600    
   6989.3647      -12299.596    
   9183.4238      -14345.588    
   11377.486      -16391.584    
   13571.549      -18437.580    
   15765.607      -20483.576    
   17959.670      -22529.568    
  -21804.885       18406.080    
  -19610.824       16360.085    
  -17416.762       14314.090    
  -15222.701       12268.095    
  -13028.641       10222.100    
  -10834.580       8176.1045    
  -8640.5176       6130.1094    
  -6446.4565       4084.1143    
  -4252.3960       2038.1191    
  -2058.3354      -7.8769531    
   135.72510      -2053.8711    
   2329.7876      -4099.8652    
   4523.8481      -6145.8613    
   6717.9087      -8191.8564    
   8911.9707      -10237.853    
   11106.029      -12283.845    
   13300.092      -14329.841    
   15494.154      -16375.837    
   17688.213      -18421.832    
   19882.275      -20467.824    
  -19882.277       20467.824    
  -17688.217       18421.828    
  -15494.154       16375.833    
  -13300.094       14329.838    
  -11106.033       12283.843    
  -8911.9727       10237.848    
  -6717.9111       8191.8525    
  -4523.8496       6145.8574    
  -2329.7891       4099.8623    
  -135.72852       2053.8662    
   2058.3320       7.8720703    
   4252.3945      -2038.1221    
   6446.4551      -4084.1182    
   8640.5156      -6130.1133    
   10834.578      -8176.1094    
   13028.637      -10222.102    
   15222.699      -12268.098    
   17416.762      -14314.094    
   19610.820      -16360.090    
   21804.883      -18406.082    
  -17959.672       22529.566    
  -15765.610       20483.570    
  -13571.548       18437.574    
  -11377.487       16391.580    
  -9183.4268       14345.585    
  -6989.3662       12299.590    
  -4795.3047       10253.595    
  -2601.2432       8207.5996    
  -407.18262       6161.6045    
   1786.8779       4115.6084    
   3980.9385       2069.6143    
   6175.0010       23.620117    
   8369.0615      -2022.3760    
   10563.122      -4068.3711    
   12757.185      -6114.3672    
   14951.243      -8160.3594    
   17145.305      -10206.355    
   19339.367      -12252.352    
   21533.426      -14298.348    
   23727.488      -16344.340    
  -16037.064       24591.309    
  -13843.004       22545.313    
  -11648.941       20499.318    
  -9454.8809       18453.324    
  -7260.8203       16407.328    
  -5066.7598       14361.333    
  -2872.6982       12315.338    
  -678.63672       10269.343    
   1515.4238       8223.3477    
   3709.4844       6177.3516    
   5903.5449       4131.3574    
   8097.6074       2085.3633    
   10291.668       39.367188    
   12485.729      -2006.6279    
   14679.791      -4052.6240    
   16873.850      -6098.6162    
   19067.912      -8144.6123    
   21261.975      -10190.608    
   23456.033      -12236.604    
   25650.096      -14282.597    
  -14114.458       26653.051    
  -11920.397       24607.057    
  -9726.3350       22561.063    
  -7532.2744       20515.066    
  -5338.2139       18469.070    
  -3144.1533       16423.076    
  -950.09180       14377.081    
   1243.9697       12331.086    
   3438.0303       10285.091    
   5632.0908       8239.0947    
   7826.1514       6193.1006    
   10020.214       4147.1064    
   12214.274       2101.1104    
   14408.335       55.115234    
   16602.398      -1990.8809    
   18796.457      -4036.8730    
   20990.520      -6082.8691    
   23184.582      -8128.8652    
   25378.641      -10174.861    
   27572.703      -12220.854    
  -12191.852       28714.793    
  -9997.7910       26668.799    
  -7803.7285       24622.805    
  -5609.6680       22576.809    
  -3415.6074       20530.813    
  -1221.5469       18484.818    
   972.51465       16438.824    
   3166.5762       14392.828    
   5360.6367       12346.833    
   7554.6973       10300.837    
   9748.7578       8254.8428    
   11942.820       6208.8486    
   14136.881       4162.8525    
   16330.941       2116.8574    
   18525.004       70.861328    
   20719.063      -1975.1309    
   22913.125      -4021.1270    
   25107.188      -6067.1230    
   27301.246      -8113.1191    
   29495.309      -10159.111    
