  -7.26419694E-06
  0.420865774    
   1.18752909    
   2.17637515    
   3.32926130    
   3.73758912    
   3.62274218    
   3.19106722    
   2.53688288    
   2.14885116    
   1.90450537    
   1.72403359    
   1.58146656    
   1.46410620    
   1.36468112    
   1.27859306    
   1.20281303    
   1.13516879    
   1.07410598    
   1.01841140    
  0.967220545    
  0.919814408    
  0.875575423    
  0.834082365    
  0.794950128    
  0.757837355    
  0.722478867    
  0.688631356    
  0.656098664    
  0.624684632    
  0.594211280    
  0.564569771    
  0.535556555    
  0.507057309    
  0.478937596    
  0.451033980    
  0.423195779    
  0.395228624    
  0.366924584    
  0.338017613    
  0.308101833    
  0.276622444    
  0.242471397    
  0.202783689    
  0.157607645    
  0.110269599    
   6.54485971E-02
   3.17045860E-02
   1.14338463E-02
   2.01717671E-03
